# z(m), M0(#/m3), M1(kg/m3), ...
    0.0000e+00    0.0000e+00    0.0000e+00
    1.5000e-06    1.7687e-11    3.5276e-35
    3.0150e-04    1.4830e+03    2.9578e-21
    6.0150e-04    1.2689e+09    2.5309e-15
    9.0150e-04    2.5497e+12    5.1398e-12
    1.2015e-03    1.4076e+14    5.0674e-10
    1.5015e-03    4.0996e+14    8.0381e-09
    1.8015e-03    5.5230e+14    4.1227e-08
    2.1015e-03    6.0697e+14    1.2367e-07
    2.4015e-03    6.2579e+14    2.7841e-07
    2.7015e-03    6.2475e+14    5.2197e-07
    3.0015e-03    6.2933e+14    8.7837e-07
    3.3015e-03    6.1532e+14    1.3733e-06
    3.6015e-03    6.0478e+14    2.0160e-06
    3.9015e-03    5.9312e+14    2.8293e-06
    4.2015e-03    5.7990e+14    3.8241e-06
    4.5015e-03    5.6855e+14    5.0130e-06
    4.8015e-03    5.5324e+14    6.4118e-06
    5.1015e-03    5.3941e+14    8.0163e-06
    5.4015e-03    5.2682e+14    9.8346e-06
    5.7015e-03    5.1528e+14    1.1875e-05
    6.0015e-03    5.0461e+14    1.4143e-05
    6.3015e-03    4.9128e+14    1.6653e-05
    6.6015e-03    4.7877e+14    1.9382e-05
    6.9015e-03    4.6699e+14    2.2328e-05
    7.2015e-03    4.5585e+14    2.5492e-05
    7.5015e-03    4.4528e+14    2.8870e-05
    7.8015e-03    4.3522e+14    3.2461e-05
    8.1015e-03    4.2562e+14    3.6262e-05
    8.4015e-03    4.1643e+14    4.0269e-05
    8.7015e-03    4.0762e+14    4.4479e-05
    9.0015e-03    3.9916e+14    4.8888e-05
    9.3015e-03    3.8958e+14    5.3515e-05
    9.6015e-03    3.8035e+14    5.8313e-05
    9.9015e-03    3.7144e+14    6.3276e-05
    1.0201e-02    3.6284e+14    6.8395e-05
    1.0501e-02    3.5452e+14    7.3662e-05
    1.0801e-02    3.4647e+14    7.9070e-05
    1.1101e-02    3.3867e+14    8.4611e-05
    1.1401e-02    3.3111e+14    9.0276e-05
    1.1701e-02    3.2376e+14    9.6057e-05
    1.2001e-02    3.1663e+14    1.0195e-04
    1.2301e-02    3.0907e+14    1.0798e-04
    1.2601e-02    3.0171e+14    1.1410e-04
    1.2901e-02    2.9456e+14    1.2029e-04
    1.3201e-02    2.8760e+14    1.2654e-04
    1.3501e-02    2.8082e+14    1.3286e-04
    1.3801e-02    2.7422e+14    1.3922e-04
    1.4101e-02    2.6778e+14    1.4563e-04
    1.4401e-02    2.6151e+14    1.5207e-04
    1.4701e-02    2.5539e+14    1.5854e-04
    1.5001e-02    2.4941e+14    1.6502e-04
    1.5301e-02    2.4370e+14    1.7156e-04
    1.5601e-02    2.3811e+14    1.7812e-04
    1.5901e-02    2.3266e+14    1.8468e-04
    1.6201e-02    2.2732e+14    1.9124e-04
    1.6501e-02    2.2211e+14    1.9780e-04
    1.6801e-02    2.1701e+14    2.0435e-04
    1.7101e-02    2.1202e+14    2.1089e-04
    1.7402e-02    2.0714e+14    2.1740e-04
    1.7702e-02    2.0236e+14    2.2389e-04
    1.8002e-02    1.9769e+14    2.3035e-04
    1.8302e-02    1.9312e+14    2.3678e-04
    1.8602e-02    1.8864e+14    2.4317e-04
    1.8902e-02    1.8425e+14    2.4952e-04
    1.9202e-02    1.7996e+14    2.5583e-04
    1.9502e-02    1.7575e+14    2.6208e-04
    1.9802e-02    1.7164e+14    2.6829e-04
    2.0102e-02    1.6760e+14    2.7444e-04
    2.0402e-02    1.6365e+14    2.8053e-04
    2.0702e-02    1.5978e+14    2.8657e-04
    2.1002e-02    1.5599e+14    2.9254e-04
    2.1302e-02    1.5261e+14    2.9846e-04
    2.1602e-02    1.4930e+14    3.0433e-04
    2.1902e-02    1.4606e+14    3.1015e-04
    2.2202e-02    1.4287e+14    3.1591e-04
    2.2502e-02    1.3974e+14    3.2162e-04
    2.2802e-02    1.3667e+14    3.2727e-04
    2.3102e-02    1.3365e+14    3.3286e-04
    2.3402e-02    1.3070e+14    3.3839e-04
    2.3702e-02    1.2779e+14    3.4386e-04
    2.4002e-02    1.2494e+14    3.4927e-04
    2.4302e-02    1.2214e+14    3.5462e-04
    2.4602e-02    1.1940e+14    3.5990e-04
    2.4902e-02    1.1670e+14    3.6511e-04
    2.5202e-02    1.1406e+14    3.7026e-04
    2.5502e-02    1.1146e+14    3.7535e-04
    2.5802e-02    1.0901e+14    3.8040e-04
    2.6102e-02    1.0661e+14    3.8540e-04
    2.6402e-02    1.0425e+14    3.9033e-04
    2.6702e-02    1.0193e+14    3.9520e-04
    2.7002e-02    9.9652e+13    4.0001e-04
    2.7302e-02    9.7416e+13    4.0475e-04
    2.7602e-02    9.5220e+13    4.0943e-04
    2.7902e-02    9.3069e+13    4.1408e-04
    2.8202e-02    9.0960e+13    4.1868e-04
    2.8502e-02    8.8890e+13    4.2323e-04
    2.8802e-02    8.6857e+13    4.2771e-04
    2.9102e-02    8.4623e+13    4.3235e-04
    2.9402e-02    8.2354e+13    4.3698e-04
    2.9702e-02    8.0131e+13    4.4155e-04
